Build started 10/15/2014 8:06:39 PM.
     1>Project "C:\cygwin\home\onthree\code\curl\builds\src\curl.vcxproj" on node 2 (build target(s)).
     1>PrepareForBuild:
         Creating directory "C:\cygwin\home\onthree\code\curl\builds\src\Debug\".
       InitializeBuildStatus:
         Creating "curl.dir\Debug\curl.unsuccessfulbuild" because "AlwaysCreate" was specified.
       CustomBuild:
         Building Custom Rule C:/cygwin/home/onthree/code/curl/src/CMakeLists.txt
         CMake does not need to re-run because C:\cygwin\home\onthree\code\curl\builds\src\CMakeFiles\generate.stamp is up-to-date.
         Generating tool_hugehelp.c
       ClCompile:
         C:\Program Files (x86)\Microsoft Visual Studio 10.0\VC\bin\CL.exe /c /IC:\cygwin\home\onthree\code\curl\builds\include\curl /IC:\cygwin\home\onthree\code\curl\include /IC:\cygwin\home\onthree\code\curl\lib /IC:\cygwin\home\onthree\code\curl\builds\lib /IC:\cygwin\home\onthree\code\curl\builds\include /IC:\cygwin\home\onthree\code\curl\src /Zi /nologo /W3 /WX- /Od /Ob0 /Oy- /D WIN32 /D _WINDOWS /D _DEBUG /D HAVE_CONFIG_H /D _WIN32_WINNT=0x0501 /D _CRT_SECURE_NO_DEPRECATE /D _CRT_NONSTDC_NO_DEPRECATE /D "CMAKE_INTDIR=\"Debug\"" /D _MBCS /Gm- /RTC1 /MDd /GS /fp:precise /Zc:wchar_t /Zc:forScope /Fo"curl.dir\Debug\\" /Fd"curl.dir\Debug\vc100.pdb" /Gd /TC /analyze- /errorReport:prompt ..\..\src\tool_binmode.c ..\..\src\tool_bname.c ..\..\src\tool_cb_dbg.c ..\..\src\tool_cb_hdr.c ..\..\src\tool_cb_prg.c ..\..\src\tool_cb_rea.c ..\..\src\tool_cb_see.c ..\..\src\tool_cb_wrt.c ..\..\src\tool_cfgable.c ..\..\src\tool_convert.c ..\..\src\tool_dirhie.c ..\..\src\tool_doswin.c ..\..\src\tool_easysrc.c ..\..\src\tool_formparse.c ..\..\src\tool_getparam.c ..\..\src\tool_getpass.c ..\..\src\tool_help.c ..\..\src\tool_helpers.c ..\..\src\tool_homedir.c tool_hugehelp.c ..\..\src\tool_libinfo.c ..\..\src\tool_main.c ..\..\src\tool_metalink.c ..\..\src\tool_mfiles.c ..\..\src\tool_msgs.c ..\..\src\tool_operate.c ..\..\src\tool_operhlp.c ..\..\src\tool_panykey.c ..\..\src\tool_paramhlp.c ..\..\src\tool_parsecfg.c ..\..\src\tool_setopt.c ..\..\src\tool_sleep.c ..\..\src\tool_urlglob.c ..\..\src\tool_util.c ..\..\src\tool_vms.c ..\..\src\tool_writeenv.c ..\..\src\tool_writeout.c ..\..\src\tool_xattr.c ..\..\lib\strtoofft.c ..\..\lib\strdup.c ..\..\lib\rawstr.c ..\..\lib\nonblock.c ..\..\lib\warnless.c
         tool_binmode.c
         tool_bname.c
         tool_cb_dbg.c
         tool_cb_hdr.c
         tool_cb_prg.c
         tool_cb_rea.c
         tool_cb_see.c
     1>..\..\src\tool_cb_see.c(82): warning C4244: 'function' : conversion from 'curl_off_t' to 'long', possible loss of data
         tool_cb_wrt.c
         tool_cfgable.c
         tool_convert.c
         tool_dirhie.c
         tool_doswin.c
         tool_easysrc.c
         tool_formparse.c
         tool_getparam.c
         tool_getpass.c
         tool_help.c
         tool_helpers.c
         tool_homedir.c
         tool_hugehelp.c
     1>tool_hugehelp.c(1): error C2059: syntax error : 'string'
         Generating Code...
         Compiling...
         tool_libinfo.c
         tool_main.c
         tool_metalink.c
         tool_mfiles.c
         tool_msgs.c
         tool_operate.c
         tool_operhlp.c
         tool_panykey.c
         tool_paramhlp.c
         tool_parsecfg.c
         tool_setopt.c
         tool_sleep.c
         tool_urlglob.c
         tool_util.c
         tool_vms.c
         tool_writeenv.c
         tool_writeout.c
         tool_xattr.c
         strtoofft.c
         strdup.c
         Generating Code...
         Compiling...
         rawstr.c
         nonblock.c
         warnless.c
         Generating Code...
     1>Done Building Project "C:\cygwin\home\onthree\code\curl\builds\src\curl.vcxproj" (build target(s)) -- FAILED.

Build FAILED.

Time Elapsed 00:00:06.49
