C:\CYGWIN\HOME\ONTHREE\CODE\CURL\BUILDS\LIB\CMAKEFILES\GENERATE.STAMP
C:\CYGWIN\HOME\ONTHREE\CODE\CURL\BUILDS\LIB\DEBUG\LIBCURL.DLL
C:\CYGWIN\HOME\ONTHREE\CODE\CURL\BUILDS\LIB\DEBUG\LIBCURL.ILK
C:\CYGWIN\HOME\ONTHREE\CODE\CURL\BUILDS\LIB\DEBUG\LIBCURL.PDB
C:\cygwin\home\onthree\code\curl\builds\lib\Debug\libcurl_imp.exp
C:\cygwin\home\onthree\code\curl\builds\lib\Debug\libcurl_imp.lib
C:\CYGWIN\HOME\ONTHREE\CODE\CURL\BUILDS\LIB\LIBCURL.DIR\DEBUG\AMIGAOS.OBJ
C:\CYGWIN\HOME\ONTHREE\CODE\CURL\BUILDS\LIB\LIBCURL.DIR\DEBUG\ASYN-ARES.OBJ
C:\CYGWIN\HOME\ONTHREE\CODE\CURL\BUILDS\LIB\LIBCURL.DIR\DEBUG\ASYN-THREAD.OBJ
C:\CYGWIN\HOME\ONTHREE\CODE\CURL\BUILDS\LIB\LIBCURL.DIR\DEBUG\AXTLS.OBJ
C:\CYGWIN\HOME\ONTHREE\CODE\CURL\BUILDS\LIB\LIBCURL.DIR\DEBUG\BASE64.OBJ
C:\CYGWIN\HOME\ONTHREE\CODE\CURL\BUILDS\LIB\LIBCURL.DIR\DEBUG\BUNDLES.OBJ
C:\CYGWIN\HOME\ONTHREE\CODE\CURL\BUILDS\LIB\LIBCURL.DIR\DEBUG\CONNCACHE.OBJ
C:\CYGWIN\HOME\ONTHREE\CODE\CURL\BUILDS\LIB\LIBCURL.DIR\DEBUG\CONNECT.OBJ
C:\CYGWIN\HOME\ONTHREE\CODE\CURL\BUILDS\LIB\LIBCURL.DIR\DEBUG\CONTENT_ENCODING.OBJ
C:\CYGWIN\HOME\ONTHREE\CODE\CURL\BUILDS\LIB\LIBCURL.DIR\DEBUG\COOKIE.OBJ
C:\CYGWIN\HOME\ONTHREE\CODE\CURL\BUILDS\LIB\LIBCURL.DIR\DEBUG\CURL_ADDRINFO.OBJ
C:\CYGWIN\HOME\ONTHREE\CODE\CURL\BUILDS\LIB\LIBCURL.DIR\DEBUG\CURL_DARWINSSL.OBJ
C:\CYGWIN\HOME\ONTHREE\CODE\CURL\BUILDS\LIB\LIBCURL.DIR\DEBUG\CURL_FNMATCH.OBJ
C:\CYGWIN\HOME\ONTHREE\CODE\CURL\BUILDS\LIB\LIBCURL.DIR\DEBUG\CURL_GETHOSTNAME.OBJ
C:\CYGWIN\HOME\ONTHREE\CODE\CURL\BUILDS\LIB\LIBCURL.DIR\DEBUG\CURL_GSSAPI.OBJ
C:\CYGWIN\HOME\ONTHREE\CODE\CURL\BUILDS\LIB\LIBCURL.DIR\DEBUG\CURL_MEMRCHR.OBJ
C:\CYGWIN\HOME\ONTHREE\CODE\CURL\BUILDS\LIB\LIBCURL.DIR\DEBUG\CURL_MULTIBYTE.OBJ
C:\CYGWIN\HOME\ONTHREE\CODE\CURL\BUILDS\LIB\LIBCURL.DIR\DEBUG\CURL_NTLM.OBJ
C:\CYGWIN\HOME\ONTHREE\CODE\CURL\BUILDS\LIB\LIBCURL.DIR\DEBUG\CURL_NTLM_CORE.OBJ
C:\CYGWIN\HOME\ONTHREE\CODE\CURL\BUILDS\LIB\LIBCURL.DIR\DEBUG\CURL_NTLM_MSGS.OBJ
C:\CYGWIN\HOME\ONTHREE\CODE\CURL\BUILDS\LIB\LIBCURL.DIR\DEBUG\CURL_NTLM_WB.OBJ
C:\CYGWIN\HOME\ONTHREE\CODE\CURL\BUILDS\LIB\LIBCURL.DIR\DEBUG\CURL_RTMP.OBJ
C:\CYGWIN\HOME\ONTHREE\CODE\CURL\BUILDS\LIB\LIBCURL.DIR\DEBUG\CURL_SASL.OBJ
C:\CYGWIN\HOME\ONTHREE\CODE\CURL\BUILDS\LIB\LIBCURL.DIR\DEBUG\CURL_SASL_SSPI.OBJ
C:\CYGWIN\HOME\ONTHREE\CODE\CURL\BUILDS\LIB\LIBCURL.DIR\DEBUG\CURL_SCHANNEL.OBJ
C:\CYGWIN\HOME\ONTHREE\CODE\CURL\BUILDS\LIB\LIBCURL.DIR\DEBUG\CURL_SSPI.OBJ
C:\CYGWIN\HOME\ONTHREE\CODE\CURL\BUILDS\LIB\LIBCURL.DIR\DEBUG\CURL_THREADS.OBJ
C:\CYGWIN\HOME\ONTHREE\CODE\CURL\BUILDS\LIB\LIBCURL.DIR\DEBUG\CYASSL.OBJ
C:\CYGWIN\HOME\ONTHREE\CODE\CURL\BUILDS\LIB\LIBCURL.DIR\DEBUG\DICT.OBJ
C:\CYGWIN\HOME\ONTHREE\CODE\CURL\BUILDS\LIB\LIBCURL.DIR\DEBUG\DOTDOT.OBJ
C:\CYGWIN\HOME\ONTHREE\CODE\CURL\BUILDS\LIB\LIBCURL.DIR\DEBUG\EASY.OBJ
C:\CYGWIN\HOME\ONTHREE\CODE\CURL\BUILDS\LIB\LIBCURL.DIR\DEBUG\ESCAPE.OBJ
C:\CYGWIN\HOME\ONTHREE\CODE\CURL\BUILDS\LIB\LIBCURL.DIR\DEBUG\FILE.OBJ
C:\CYGWIN\HOME\ONTHREE\CODE\CURL\BUILDS\LIB\LIBCURL.DIR\DEBUG\FILEINFO.OBJ
C:\CYGWIN\HOME\ONTHREE\CODE\CURL\BUILDS\LIB\LIBCURL.DIR\DEBUG\FORMDATA.OBJ
C:\CYGWIN\HOME\ONTHREE\CODE\CURL\BUILDS\LIB\LIBCURL.DIR\DEBUG\FTP.OBJ
C:\CYGWIN\HOME\ONTHREE\CODE\CURL\BUILDS\LIB\LIBCURL.DIR\DEBUG\FTPLISTPARSER.OBJ
C:\CYGWIN\HOME\ONTHREE\CODE\CURL\BUILDS\LIB\LIBCURL.DIR\DEBUG\GETENV.OBJ
C:\CYGWIN\HOME\ONTHREE\CODE\CURL\BUILDS\LIB\LIBCURL.DIR\DEBUG\GETINFO.OBJ
C:\CYGWIN\HOME\ONTHREE\CODE\CURL\BUILDS\LIB\LIBCURL.DIR\DEBUG\GOPHER.OBJ
C:\CYGWIN\HOME\ONTHREE\CODE\CURL\BUILDS\LIB\LIBCURL.DIR\DEBUG\GSKIT.OBJ
C:\CYGWIN\HOME\ONTHREE\CODE\CURL\BUILDS\LIB\LIBCURL.DIR\DEBUG\GTLS.OBJ
C:\CYGWIN\HOME\ONTHREE\CODE\CURL\BUILDS\LIB\LIBCURL.DIR\DEBUG\HASH.OBJ
C:\CYGWIN\HOME\ONTHREE\CODE\CURL\BUILDS\LIB\LIBCURL.DIR\DEBUG\HMAC.OBJ
C:\CYGWIN\HOME\ONTHREE\CODE\CURL\BUILDS\LIB\LIBCURL.DIR\DEBUG\HOSTASYN.OBJ
C:\CYGWIN\HOME\ONTHREE\CODE\CURL\BUILDS\LIB\LIBCURL.DIR\DEBUG\HOSTCHECK.OBJ
C:\CYGWIN\HOME\ONTHREE\CODE\CURL\BUILDS\LIB\LIBCURL.DIR\DEBUG\HOSTIP.OBJ
C:\CYGWIN\HOME\ONTHREE\CODE\CURL\BUILDS\LIB\LIBCURL.DIR\DEBUG\HOSTIP4.OBJ
C:\CYGWIN\HOME\ONTHREE\CODE\CURL\BUILDS\LIB\LIBCURL.DIR\DEBUG\HOSTIP6.OBJ
C:\CYGWIN\HOME\ONTHREE\CODE\CURL\BUILDS\LIB\LIBCURL.DIR\DEBUG\HOSTSYN.OBJ
C:\CYGWIN\HOME\ONTHREE\CODE\CURL\BUILDS\LIB\LIBCURL.DIR\DEBUG\HTTP.OBJ
C:\CYGWIN\HOME\ONTHREE\CODE\CURL\BUILDS\LIB\LIBCURL.DIR\DEBUG\HTTP_CHUNKS.OBJ
C:\CYGWIN\HOME\ONTHREE\CODE\CURL\BUILDS\LIB\LIBCURL.DIR\DEBUG\HTTP_DIGEST.OBJ
C:\CYGWIN\HOME\ONTHREE\CODE\CURL\BUILDS\LIB\LIBCURL.DIR\DEBUG\HTTP_NEGOTIATE.OBJ
C:\CYGWIN\HOME\ONTHREE\CODE\CURL\BUILDS\LIB\LIBCURL.DIR\DEBUG\HTTP_NEGOTIATE_SSPI.OBJ
C:\CYGWIN\HOME\ONTHREE\CODE\CURL\BUILDS\LIB\LIBCURL.DIR\DEBUG\HTTP_PROXY.OBJ
C:\CYGWIN\HOME\ONTHREE\CODE\CURL\BUILDS\LIB\LIBCURL.DIR\DEBUG\HTTP2.OBJ
C:\CYGWIN\HOME\ONTHREE\CODE\CURL\BUILDS\LIB\LIBCURL.DIR\DEBUG\IDN_WIN32.OBJ
C:\CYGWIN\HOME\ONTHREE\CODE\CURL\BUILDS\LIB\LIBCURL.DIR\DEBUG\IF2IP.OBJ
C:\CYGWIN\HOME\ONTHREE\CODE\CURL\BUILDS\LIB\LIBCURL.DIR\DEBUG\IMAP.OBJ
C:\CYGWIN\HOME\ONTHREE\CODE\CURL\BUILDS\LIB\LIBCURL.DIR\DEBUG\INET_NTOP.OBJ
C:\CYGWIN\HOME\ONTHREE\CODE\CURL\BUILDS\LIB\LIBCURL.DIR\DEBUG\INET_PTON.OBJ
C:\CYGWIN\HOME\ONTHREE\CODE\CURL\BUILDS\LIB\LIBCURL.DIR\DEBUG\KRB5.OBJ
C:\CYGWIN\HOME\ONTHREE\CODE\CURL\BUILDS\LIB\LIBCURL.DIR\DEBUG\LDAP.OBJ
C:\CYGWIN\HOME\ONTHREE\CODE\CURL\BUILDS\LIB\LIBCURL.DIR\DEBUG\LIBCURL.DLL.EMBED.MANIFEST
C:\CYGWIN\HOME\ONTHREE\CODE\CURL\BUILDS\LIB\LIBCURL.DIR\DEBUG\LIBCURL.DLL.EMBED.MANIFEST.RES
C:\CYGWIN\HOME\ONTHREE\CODE\CURL\BUILDS\LIB\LIBCURL.DIR\DEBUG\LIBCURL.DLL.INTERMEDIATE.MANIFEST
C:\CYGWIN\HOME\ONTHREE\CODE\CURL\BUILDS\LIB\LIBCURL.DIR\DEBUG\LIBCURL.RES
C:\CYGWIN\HOME\ONTHREE\CODE\CURL\BUILDS\LIB\LIBCURL.DIR\DEBUG\LLIST.OBJ
C:\CYGWIN\HOME\ONTHREE\CODE\CURL\BUILDS\LIB\LIBCURL.DIR\DEBUG\MD4.OBJ
C:\CYGWIN\HOME\ONTHREE\CODE\CURL\BUILDS\LIB\LIBCURL.DIR\DEBUG\MD5.OBJ
C:\CYGWIN\HOME\ONTHREE\CODE\CURL\BUILDS\LIB\LIBCURL.DIR\DEBUG\MEMDEBUG.OBJ
C:\CYGWIN\HOME\ONTHREE\CODE\CURL\BUILDS\LIB\LIBCURL.DIR\DEBUG\MPRINTF.OBJ
C:\CYGWIN\HOME\ONTHREE\CODE\CURL\BUILDS\LIB\LIBCURL.DIR\DEBUG\MULTI.OBJ
C:\CYGWIN\HOME\ONTHREE\CODE\CURL\BUILDS\LIB\LIBCURL.DIR\DEBUG\NETRC.OBJ
C:\CYGWIN\HOME\ONTHREE\CODE\CURL\BUILDS\LIB\LIBCURL.DIR\DEBUG\NON-ASCII.OBJ
C:\CYGWIN\HOME\ONTHREE\CODE\CURL\BUILDS\LIB\LIBCURL.DIR\DEBUG\NONBLOCK.OBJ
C:\CYGWIN\HOME\ONTHREE\CODE\CURL\BUILDS\LIB\LIBCURL.DIR\DEBUG\NSS.OBJ
C:\CYGWIN\HOME\ONTHREE\CODE\CURL\BUILDS\LIB\LIBCURL.DIR\DEBUG\OPENLDAP.OBJ
C:\CYGWIN\HOME\ONTHREE\CODE\CURL\BUILDS\LIB\LIBCURL.DIR\DEBUG\OPENSSL.OBJ
C:\CYGWIN\HOME\ONTHREE\CODE\CURL\BUILDS\LIB\LIBCURL.DIR\DEBUG\PARSEDATE.OBJ
C:\CYGWIN\HOME\ONTHREE\CODE\CURL\BUILDS\LIB\LIBCURL.DIR\DEBUG\PINGPONG.OBJ
C:\CYGWIN\HOME\ONTHREE\CODE\CURL\BUILDS\LIB\LIBCURL.DIR\DEBUG\PIPELINE.OBJ
C:\CYGWIN\HOME\ONTHREE\CODE\CURL\BUILDS\LIB\LIBCURL.DIR\DEBUG\POLARSSL.OBJ
C:\CYGWIN\HOME\ONTHREE\CODE\CURL\BUILDS\LIB\LIBCURL.DIR\DEBUG\POLARSSL_THREADLOCK.OBJ
C:\CYGWIN\HOME\ONTHREE\CODE\CURL\BUILDS\LIB\LIBCURL.DIR\DEBUG\POP3.OBJ
C:\CYGWIN\HOME\ONTHREE\CODE\CURL\BUILDS\LIB\LIBCURL.DIR\DEBUG\PROGRESS.OBJ
C:\CYGWIN\HOME\ONTHREE\CODE\CURL\BUILDS\LIB\LIBCURL.DIR\DEBUG\RAWSTR.OBJ
C:\CYGWIN\HOME\ONTHREE\CODE\CURL\BUILDS\LIB\LIBCURL.DIR\DEBUG\RTSP.OBJ
C:\CYGWIN\HOME\ONTHREE\CODE\CURL\BUILDS\LIB\LIBCURL.DIR\DEBUG\SECURITY.OBJ
C:\CYGWIN\HOME\ONTHREE\CODE\CURL\BUILDS\LIB\LIBCURL.DIR\DEBUG\SELECT.OBJ
C:\CYGWIN\HOME\ONTHREE\CODE\CURL\BUILDS\LIB\LIBCURL.DIR\DEBUG\SENDF.OBJ
C:\CYGWIN\HOME\ONTHREE\CODE\CURL\BUILDS\LIB\LIBCURL.DIR\DEBUG\SHARE.OBJ
C:\CYGWIN\HOME\ONTHREE\CODE\CURL\BUILDS\LIB\LIBCURL.DIR\DEBUG\SLIST.OBJ
C:\CYGWIN\HOME\ONTHREE\CODE\CURL\BUILDS\LIB\LIBCURL.DIR\DEBUG\SMTP.OBJ
C:\CYGWIN\HOME\ONTHREE\CODE\CURL\BUILDS\LIB\LIBCURL.DIR\DEBUG\SOCKS.OBJ
C:\CYGWIN\HOME\ONTHREE\CODE\CURL\BUILDS\LIB\LIBCURL.DIR\DEBUG\SOCKS_GSSAPI.OBJ
C:\CYGWIN\HOME\ONTHREE\CODE\CURL\BUILDS\LIB\LIBCURL.DIR\DEBUG\SOCKS_SSPI.OBJ
C:\CYGWIN\HOME\ONTHREE\CODE\CURL\BUILDS\LIB\LIBCURL.DIR\DEBUG\SPEEDCHECK.OBJ
C:\CYGWIN\HOME\ONTHREE\CODE\CURL\BUILDS\LIB\LIBCURL.DIR\DEBUG\SPLAY.OBJ
C:\CYGWIN\HOME\ONTHREE\CODE\CURL\BUILDS\LIB\LIBCURL.DIR\DEBUG\SSH.OBJ
C:\CYGWIN\HOME\ONTHREE\CODE\CURL\BUILDS\LIB\LIBCURL.DIR\DEBUG\STRDUP.OBJ
C:\CYGWIN\HOME\ONTHREE\CODE\CURL\BUILDS\LIB\LIBCURL.DIR\DEBUG\STREQUAL.OBJ
C:\CYGWIN\HOME\ONTHREE\CODE\CURL\BUILDS\LIB\LIBCURL.DIR\DEBUG\STRERROR.OBJ
C:\CYGWIN\HOME\ONTHREE\CODE\CURL\BUILDS\LIB\LIBCURL.DIR\DEBUG\STRTOK.OBJ
C:\CYGWIN\HOME\ONTHREE\CODE\CURL\BUILDS\LIB\LIBCURL.DIR\DEBUG\STRTOOFFT.OBJ
C:\CYGWIN\HOME\ONTHREE\CODE\CURL\BUILDS\LIB\LIBCURL.DIR\DEBUG\TELNET.OBJ
C:\CYGWIN\HOME\ONTHREE\CODE\CURL\BUILDS\LIB\LIBCURL.DIR\DEBUG\TFTP.OBJ
C:\CYGWIN\HOME\ONTHREE\CODE\CURL\BUILDS\LIB\LIBCURL.DIR\DEBUG\TIMEVAL.OBJ
C:\CYGWIN\HOME\ONTHREE\CODE\CURL\BUILDS\LIB\LIBCURL.DIR\DEBUG\TRANSFER.OBJ
C:\CYGWIN\HOME\ONTHREE\CODE\CURL\BUILDS\LIB\LIBCURL.DIR\DEBUG\URL.OBJ
C:\CYGWIN\HOME\ONTHREE\CODE\CURL\BUILDS\LIB\LIBCURL.DIR\DEBUG\VC100.PDB
C:\CYGWIN\HOME\ONTHREE\CODE\CURL\BUILDS\LIB\LIBCURL.DIR\DEBUG\VERSION.OBJ
C:\CYGWIN\HOME\ONTHREE\CODE\CURL\BUILDS\LIB\LIBCURL.DIR\DEBUG\VTLS.OBJ
C:\CYGWIN\HOME\ONTHREE\CODE\CURL\BUILDS\LIB\LIBCURL.DIR\DEBUG\WARNLESS.OBJ
C:\CYGWIN\HOME\ONTHREE\CODE\CURL\BUILDS\LIB\LIBCURL.DIR\DEBUG\WILDCARD.OBJ
C:\CYGWIN\HOME\ONTHREE\CODE\CURL\BUILDS\LIB\LIBCURL.DIR\DEBUG\X509ASN1.OBJ
C:\cygwin\home\onthree\code\screen-capture-recorder-to-video-windows-free\curl\builds\lib\Debug\libcurl.dll
C:\cygwin\home\onthree\code\screen-capture-recorder-to-video-windows-free\curl\builds\lib\Debug\libcurl.ilk
C:\cygwin\home\onthree\code\screen-capture-recorder-to-video-windows-free\curl\builds\lib\Debug\libcurl.pdb
C:\cygwin\home\onthree\code\screen-capture-recorder-to-video-windows-free\curl\builds\lib\libcurl.dir\Debug\amigaos.obj
C:\cygwin\home\onthree\code\screen-capture-recorder-to-video-windows-free\curl\builds\lib\libcurl.dir\Debug\asyn-ares.obj
C:\cygwin\home\onthree\code\screen-capture-recorder-to-video-windows-free\curl\builds\lib\libcurl.dir\Debug\asyn-thread.obj
C:\cygwin\home\onthree\code\screen-capture-recorder-to-video-windows-free\curl\builds\lib\libcurl.dir\Debug\axtls.obj
C:\cygwin\home\onthree\code\screen-capture-recorder-to-video-windows-free\curl\builds\lib\libcurl.dir\Debug\base64.obj
C:\cygwin\home\onthree\code\screen-capture-recorder-to-video-windows-free\curl\builds\lib\libcurl.dir\Debug\bundles.obj
C:\cygwin\home\onthree\code\screen-capture-recorder-to-video-windows-free\curl\builds\lib\libcurl.dir\Debug\cl.command.1.tlog
C:\cygwin\home\onthree\code\screen-capture-recorder-to-video-windows-free\curl\builds\lib\libcurl.dir\Debug\CL.read.1.tlog
C:\cygwin\home\onthree\code\screen-capture-recorder-to-video-windows-free\curl\builds\lib\libcurl.dir\Debug\CL.write.1.tlog
C:\cygwin\home\onthree\code\screen-capture-recorder-to-video-windows-free\curl\builds\lib\libcurl.dir\Debug\conncache.obj
C:\cygwin\home\onthree\code\screen-capture-recorder-to-video-windows-free\curl\builds\lib\libcurl.dir\Debug\connect.obj
C:\cygwin\home\onthree\code\screen-capture-recorder-to-video-windows-free\curl\builds\lib\libcurl.dir\Debug\content_encoding.obj
C:\cygwin\home\onthree\code\screen-capture-recorder-to-video-windows-free\curl\builds\lib\libcurl.dir\Debug\cookie.obj
C:\cygwin\home\onthree\code\screen-capture-recorder-to-video-windows-free\curl\builds\lib\libcurl.dir\Debug\curl_addrinfo.obj
C:\cygwin\home\onthree\code\screen-capture-recorder-to-video-windows-free\curl\builds\lib\libcurl.dir\Debug\curl_darwinssl.obj
C:\cygwin\home\onthree\code\screen-capture-recorder-to-video-windows-free\curl\builds\lib\libcurl.dir\Debug\curl_fnmatch.obj
C:\cygwin\home\onthree\code\screen-capture-recorder-to-video-windows-free\curl\builds\lib\libcurl.dir\Debug\curl_gethostname.obj
C:\cygwin\home\onthree\code\screen-capture-recorder-to-video-windows-free\curl\builds\lib\libcurl.dir\Debug\curl_gssapi.obj
C:\cygwin\home\onthree\code\screen-capture-recorder-to-video-windows-free\curl\builds\lib\libcurl.dir\Debug\curl_memrchr.obj
C:\cygwin\home\onthree\code\screen-capture-recorder-to-video-windows-free\curl\builds\lib\libcurl.dir\Debug\curl_multibyte.obj
C:\cygwin\home\onthree\code\screen-capture-recorder-to-video-windows-free\curl\builds\lib\libcurl.dir\Debug\curl_ntlm.obj
C:\cygwin\home\onthree\code\screen-capture-recorder-to-video-windows-free\curl\builds\lib\libcurl.dir\Debug\curl_ntlm_core.obj
C:\cygwin\home\onthree\code\screen-capture-recorder-to-video-windows-free\curl\builds\lib\libcurl.dir\Debug\curl_ntlm_msgs.obj
C:\cygwin\home\onthree\code\screen-capture-recorder-to-video-windows-free\curl\builds\lib\libcurl.dir\Debug\curl_ntlm_wb.obj
C:\cygwin\home\onthree\code\screen-capture-recorder-to-video-windows-free\curl\builds\lib\libcurl.dir\Debug\curl_rtmp.obj
C:\cygwin\home\onthree\code\screen-capture-recorder-to-video-windows-free\curl\builds\lib\libcurl.dir\Debug\curl_sasl.obj
C:\cygwin\home\onthree\code\screen-capture-recorder-to-video-windows-free\curl\builds\lib\libcurl.dir\Debug\curl_sasl_sspi.obj
C:\cygwin\home\onthree\code\screen-capture-recorder-to-video-windows-free\curl\builds\lib\libcurl.dir\Debug\curl_schannel.obj
C:\cygwin\home\onthree\code\screen-capture-recorder-to-video-windows-free\curl\builds\lib\libcurl.dir\Debug\curl_sspi.obj
C:\cygwin\home\onthree\code\screen-capture-recorder-to-video-windows-free\curl\builds\lib\libcurl.dir\Debug\curl_threads.obj
C:\cygwin\home\onthree\code\screen-capture-recorder-to-video-windows-free\curl\builds\lib\libcurl.dir\Debug\custombuild.command.1.tlog
C:\cygwin\home\onthree\code\screen-capture-recorder-to-video-windows-free\curl\builds\lib\libcurl.dir\Debug\custombuild.read.1.tlog
C:\cygwin\home\onthree\code\screen-capture-recorder-to-video-windows-free\curl\builds\lib\libcurl.dir\Debug\custombuild.write.1.tlog
C:\cygwin\home\onthree\code\screen-capture-recorder-to-video-windows-free\curl\builds\lib\libcurl.dir\Debug\cyassl.obj
C:\cygwin\home\onthree\code\screen-capture-recorder-to-video-windows-free\curl\builds\lib\libcurl.dir\Debug\dict.obj
C:\cygwin\home\onthree\code\screen-capture-recorder-to-video-windows-free\curl\builds\lib\libcurl.dir\Debug\dotdot.obj
C:\cygwin\home\onthree\code\screen-capture-recorder-to-video-windows-free\curl\builds\lib\libcurl.dir\Debug\easy.obj
C:\cygwin\home\onthree\code\screen-capture-recorder-to-video-windows-free\curl\builds\lib\libcurl.dir\Debug\escape.obj
C:\cygwin\home\onthree\code\screen-capture-recorder-to-video-windows-free\curl\builds\lib\libcurl.dir\Debug\file.obj
C:\cygwin\home\onthree\code\screen-capture-recorder-to-video-windows-free\curl\builds\lib\libcurl.dir\Debug\fileinfo.obj
C:\cygwin\home\onthree\code\screen-capture-recorder-to-video-windows-free\curl\builds\lib\libcurl.dir\Debug\formdata.obj
C:\cygwin\home\onthree\code\screen-capture-recorder-to-video-windows-free\curl\builds\lib\libcurl.dir\Debug\ftp.obj
C:\cygwin\home\onthree\code\screen-capture-recorder-to-video-windows-free\curl\builds\lib\libcurl.dir\Debug\ftplistparser.obj
C:\cygwin\home\onthree\code\screen-capture-recorder-to-video-windows-free\curl\builds\lib\libcurl.dir\Debug\getenv.obj
C:\cygwin\home\onthree\code\screen-capture-recorder-to-video-windows-free\curl\builds\lib\libcurl.dir\Debug\getinfo.obj
C:\cygwin\home\onthree\code\screen-capture-recorder-to-video-windows-free\curl\builds\lib\libcurl.dir\Debug\gopher.obj
C:\cygwin\home\onthree\code\screen-capture-recorder-to-video-windows-free\curl\builds\lib\libcurl.dir\Debug\gskit.obj
C:\cygwin\home\onthree\code\screen-capture-recorder-to-video-windows-free\curl\builds\lib\libcurl.dir\Debug\gtls.obj
C:\cygwin\home\onthree\code\screen-capture-recorder-to-video-windows-free\curl\builds\lib\libcurl.dir\Debug\hash.obj
C:\cygwin\home\onthree\code\screen-capture-recorder-to-video-windows-free\curl\builds\lib\libcurl.dir\Debug\hmac.obj
C:\cygwin\home\onthree\code\screen-capture-recorder-to-video-windows-free\curl\builds\lib\libcurl.dir\Debug\hostasyn.obj
C:\cygwin\home\onthree\code\screen-capture-recorder-to-video-windows-free\curl\builds\lib\libcurl.dir\Debug\hostcheck.obj
C:\cygwin\home\onthree\code\screen-capture-recorder-to-video-windows-free\curl\builds\lib\libcurl.dir\Debug\hostip.obj
C:\cygwin\home\onthree\code\screen-capture-recorder-to-video-windows-free\curl\builds\lib\libcurl.dir\Debug\hostip4.obj
C:\cygwin\home\onthree\code\screen-capture-recorder-to-video-windows-free\curl\builds\lib\libcurl.dir\Debug\hostip6.obj
C:\cygwin\home\onthree\code\screen-capture-recorder-to-video-windows-free\curl\builds\lib\libcurl.dir\Debug\hostsyn.obj
C:\cygwin\home\onthree\code\screen-capture-recorder-to-video-windows-free\curl\builds\lib\libcurl.dir\Debug\http.obj
C:\cygwin\home\onthree\code\screen-capture-recorder-to-video-windows-free\curl\builds\lib\libcurl.dir\Debug\http_chunks.obj
C:\cygwin\home\onthree\code\screen-capture-recorder-to-video-windows-free\curl\builds\lib\libcurl.dir\Debug\http_digest.obj
C:\cygwin\home\onthree\code\screen-capture-recorder-to-video-windows-free\curl\builds\lib\libcurl.dir\Debug\http_negotiate.obj
C:\cygwin\home\onthree\code\screen-capture-recorder-to-video-windows-free\curl\builds\lib\libcurl.dir\Debug\http_negotiate_sspi.obj
C:\cygwin\home\onthree\code\screen-capture-recorder-to-video-windows-free\curl\builds\lib\libcurl.dir\Debug\http_proxy.obj
C:\cygwin\home\onthree\code\screen-capture-recorder-to-video-windows-free\curl\builds\lib\libcurl.dir\Debug\http2.obj
C:\cygwin\home\onthree\code\screen-capture-recorder-to-video-windows-free\curl\builds\lib\libcurl.dir\Debug\idn_win32.obj
C:\cygwin\home\onthree\code\screen-capture-recorder-to-video-windows-free\curl\builds\lib\libcurl.dir\Debug\if2ip.obj
C:\cygwin\home\onthree\code\screen-capture-recorder-to-video-windows-free\curl\builds\lib\libcurl.dir\Debug\imap.obj
C:\cygwin\home\onthree\code\screen-capture-recorder-to-video-windows-free\curl\builds\lib\libcurl.dir\Debug\inet_ntop.obj
C:\cygwin\home\onthree\code\screen-capture-recorder-to-video-windows-free\curl\builds\lib\libcurl.dir\Debug\inet_pton.obj
C:\cygwin\home\onthree\code\screen-capture-recorder-to-video-windows-free\curl\builds\lib\libcurl.dir\Debug\krb5.obj
C:\cygwin\home\onthree\code\screen-capture-recorder-to-video-windows-free\curl\builds\lib\libcurl.dir\Debug\ldap.obj
C:\cygwin\home\onthree\code\screen-capture-recorder-to-video-windows-free\curl\builds\lib\libcurl.dir\Debug\libcurl.dll.embed.manifest
C:\cygwin\home\onthree\code\screen-capture-recorder-to-video-windows-free\curl\builds\lib\libcurl.dir\Debug\libcurl.dll.embed.manifest.res
C:\cygwin\home\onthree\code\screen-capture-recorder-to-video-windows-free\curl\builds\lib\libcurl.dir\Debug\libcurl.dll.intermediate.manifest
C:\cygwin\home\onthree\code\screen-capture-recorder-to-video-windows-free\curl\builds\lib\libcurl.dir\Debug\libcurl.res
C:\cygwin\home\onthree\code\screen-capture-recorder-to-video-windows-free\curl\builds\lib\libcurl.dir\Debug\libcurl.write.1.tlog
C:\cygwin\home\onthree\code\screen-capture-recorder-to-video-windows-free\curl\builds\lib\libcurl.dir\Debug\libcurl_manifest.rc
C:\cygwin\home\onthree\code\screen-capture-recorder-to-video-windows-free\curl\builds\lib\libcurl.dir\Debug\link.command.1.tlog
C:\cygwin\home\onthree\code\screen-capture-recorder-to-video-windows-free\curl\builds\lib\libcurl.dir\Debug\link.read.1.tlog
C:\cygwin\home\onthree\code\screen-capture-recorder-to-video-windows-free\curl\builds\lib\libcurl.dir\Debug\link.write.1.tlog
C:\cygwin\home\onthree\code\screen-capture-recorder-to-video-windows-free\curl\builds\lib\libcurl.dir\Debug\link-cvtres.read.1.tlog
C:\cygwin\home\onthree\code\screen-capture-recorder-to-video-windows-free\curl\builds\lib\libcurl.dir\Debug\link-cvtres.write.1.tlog
C:\cygwin\home\onthree\code\screen-capture-recorder-to-video-windows-free\curl\builds\lib\libcurl.dir\Debug\llist.obj
C:\cygwin\home\onthree\code\screen-capture-recorder-to-video-windows-free\curl\builds\lib\libcurl.dir\Debug\md4.obj
C:\cygwin\home\onthree\code\screen-capture-recorder-to-video-windows-free\curl\builds\lib\libcurl.dir\Debug\md5.obj
C:\cygwin\home\onthree\code\screen-capture-recorder-to-video-windows-free\curl\builds\lib\libcurl.dir\Debug\memdebug.obj
C:\cygwin\home\onthree\code\screen-capture-recorder-to-video-windows-free\curl\builds\lib\libcurl.dir\Debug\mprintf.obj
C:\cygwin\home\onthree\code\screen-capture-recorder-to-video-windows-free\curl\builds\lib\libcurl.dir\Debug\mt.command.1.tlog
C:\cygwin\home\onthree\code\screen-capture-recorder-to-video-windows-free\curl\builds\lib\libcurl.dir\Debug\mt.read.1.tlog
C:\cygwin\home\onthree\code\screen-capture-recorder-to-video-windows-free\curl\builds\lib\libcurl.dir\Debug\mt.write.1.tlog
C:\cygwin\home\onthree\code\screen-capture-recorder-to-video-windows-free\curl\builds\lib\libcurl.dir\Debug\multi.obj
C:\cygwin\home\onthree\code\screen-capture-recorder-to-video-windows-free\curl\builds\lib\libcurl.dir\Debug\netrc.obj
C:\cygwin\home\onthree\code\screen-capture-recorder-to-video-windows-free\curl\builds\lib\libcurl.dir\Debug\non-ascii.obj
C:\cygwin\home\onthree\code\screen-capture-recorder-to-video-windows-free\curl\builds\lib\libcurl.dir\Debug\nonblock.obj
C:\cygwin\home\onthree\code\screen-capture-recorder-to-video-windows-free\curl\builds\lib\libcurl.dir\Debug\nss.obj
C:\cygwin\home\onthree\code\screen-capture-recorder-to-video-windows-free\curl\builds\lib\libcurl.dir\Debug\openldap.obj
C:\cygwin\home\onthree\code\screen-capture-recorder-to-video-windows-free\curl\builds\lib\libcurl.dir\Debug\openssl.obj
C:\cygwin\home\onthree\code\screen-capture-recorder-to-video-windows-free\curl\builds\lib\libcurl.dir\Debug\parsedate.obj
C:\cygwin\home\onthree\code\screen-capture-recorder-to-video-windows-free\curl\builds\lib\libcurl.dir\Debug\pingpong.obj
C:\cygwin\home\onthree\code\screen-capture-recorder-to-video-windows-free\curl\builds\lib\libcurl.dir\Debug\pipeline.obj
C:\cygwin\home\onthree\code\screen-capture-recorder-to-video-windows-free\curl\builds\lib\libcurl.dir\Debug\polarssl.obj
C:\cygwin\home\onthree\code\screen-capture-recorder-to-video-windows-free\curl\builds\lib\libcurl.dir\Debug\polarssl_threadlock.obj
C:\cygwin\home\onthree\code\screen-capture-recorder-to-video-windows-free\curl\builds\lib\libcurl.dir\Debug\pop3.obj
C:\cygwin\home\onthree\code\screen-capture-recorder-to-video-windows-free\curl\builds\lib\libcurl.dir\Debug\progress.obj
C:\cygwin\home\onthree\code\screen-capture-recorder-to-video-windows-free\curl\builds\lib\libcurl.dir\Debug\rawstr.obj
C:\cygwin\home\onthree\code\screen-capture-recorder-to-video-windows-free\curl\builds\lib\libcurl.dir\Debug\rc.command.1.tlog
C:\cygwin\home\onthree\code\screen-capture-recorder-to-video-windows-free\curl\builds\lib\libcurl.dir\Debug\rc.read.1.tlog
C:\cygwin\home\onthree\code\screen-capture-recorder-to-video-windows-free\curl\builds\lib\libcurl.dir\Debug\rc.write.1.tlog
C:\cygwin\home\onthree\code\screen-capture-recorder-to-video-windows-free\curl\builds\lib\libcurl.dir\Debug\rtsp.obj
C:\cygwin\home\onthree\code\screen-capture-recorder-to-video-windows-free\curl\builds\lib\libcurl.dir\Debug\security.obj
C:\cygwin\home\onthree\code\screen-capture-recorder-to-video-windows-free\curl\builds\lib\libcurl.dir\Debug\select.obj
C:\cygwin\home\onthree\code\screen-capture-recorder-to-video-windows-free\curl\builds\lib\libcurl.dir\Debug\sendf.obj
C:\cygwin\home\onthree\code\screen-capture-recorder-to-video-windows-free\curl\builds\lib\libcurl.dir\Debug\share.obj
C:\cygwin\home\onthree\code\screen-capture-recorder-to-video-windows-free\curl\builds\lib\libcurl.dir\Debug\slist.obj
C:\cygwin\home\onthree\code\screen-capture-recorder-to-video-windows-free\curl\builds\lib\libcurl.dir\Debug\smtp.obj
C:\cygwin\home\onthree\code\screen-capture-recorder-to-video-windows-free\curl\builds\lib\libcurl.dir\Debug\socks.obj
C:\cygwin\home\onthree\code\screen-capture-recorder-to-video-windows-free\curl\builds\lib\libcurl.dir\Debug\socks_gssapi.obj
C:\cygwin\home\onthree\code\screen-capture-recorder-to-video-windows-free\curl\builds\lib\libcurl.dir\Debug\socks_sspi.obj
C:\cygwin\home\onthree\code\screen-capture-recorder-to-video-windows-free\curl\builds\lib\libcurl.dir\Debug\speedcheck.obj
C:\cygwin\home\onthree\code\screen-capture-recorder-to-video-windows-free\curl\builds\lib\libcurl.dir\Debug\splay.obj
C:\cygwin\home\onthree\code\screen-capture-recorder-to-video-windows-free\curl\builds\lib\libcurl.dir\Debug\ssh.obj
C:\cygwin\home\onthree\code\screen-capture-recorder-to-video-windows-free\curl\builds\lib\libcurl.dir\Debug\strdup.obj
C:\cygwin\home\onthree\code\screen-capture-recorder-to-video-windows-free\curl\builds\lib\libcurl.dir\Debug\strequal.obj
C:\cygwin\home\onthree\code\screen-capture-recorder-to-video-windows-free\curl\builds\lib\libcurl.dir\Debug\strerror.obj
C:\cygwin\home\onthree\code\screen-capture-recorder-to-video-windows-free\curl\builds\lib\libcurl.dir\Debug\strtok.obj
C:\cygwin\home\onthree\code\screen-capture-recorder-to-video-windows-free\curl\builds\lib\libcurl.dir\Debug\strtoofft.obj
C:\cygwin\home\onthree\code\screen-capture-recorder-to-video-windows-free\curl\builds\lib\libcurl.dir\Debug\telnet.obj
C:\cygwin\home\onthree\code\screen-capture-recorder-to-video-windows-free\curl\builds\lib\libcurl.dir\Debug\tftp.obj
C:\cygwin\home\onthree\code\screen-capture-recorder-to-video-windows-free\curl\builds\lib\libcurl.dir\Debug\timeval.obj
C:\cygwin\home\onthree\code\screen-capture-recorder-to-video-windows-free\curl\builds\lib\libcurl.dir\Debug\transfer.obj
C:\cygwin\home\onthree\code\screen-capture-recorder-to-video-windows-free\curl\builds\lib\libcurl.dir\Debug\url.obj
C:\cygwin\home\onthree\code\screen-capture-recorder-to-video-windows-free\curl\builds\lib\libcurl.dir\Debug\vc100.pdb
C:\cygwin\home\onthree\code\screen-capture-recorder-to-video-windows-free\curl\builds\lib\libcurl.dir\Debug\version.obj
C:\cygwin\home\onthree\code\screen-capture-recorder-to-video-windows-free\curl\builds\lib\libcurl.dir\Debug\vtls.obj
C:\cygwin\home\onthree\code\screen-capture-recorder-to-video-windows-free\curl\builds\lib\libcurl.dir\Debug\warnless.obj
C:\cygwin\home\onthree\code\screen-capture-recorder-to-video-windows-free\curl\builds\lib\libcurl.dir\Debug\wildcard.obj
C:\cygwin\home\onthree\code\screen-capture-recorder-to-video-windows-free\curl\builds\lib\libcurl.dir\Debug\x509asn1.obj
