Build started 10/18/2014 9:47:24 AM.
     1>Project "C:\cygwin\home\onthree\code\screen-capture-recorder-to-video-windows-free\curl\builds\lib\libcurl.vcxproj" on node 2 (rebuild target(s)).
     1>_PrepareForClean:
         Deleting file "libcurl.dir\Debug\libcurl.lastbuildstate".
     1>C:\Program Files (x86)\MSBuild\Microsoft.Cpp\v4.0\Microsoft.CppBuild.targets(299,5): warning MSB8004: Output Directory does not end with a trailing slash.  This build instance will add the slash as it is required to allow proper evaluation of the Output Directory.
       InitializeBuildStatus:
         Creating "libcurl.dir\Debug\libcurl.unsuccessfulbuild" because "AlwaysCreate" was specified.
       CustomBuild:
         Building Custom Rule C:/cygwin/home/onthree/code/curl/lib/CMakeLists.txt
         CMake does not need to re-run because C:\cygwin\home\onthree\code\curl\builds\lib\CMakeFiles\generate.stamp is up-to-date.
       ClCompile:
         C:\Program Files (x86)\Microsoft Visual Studio 10.0\VC\bin\CL.exe /c /IC:\cygwin\home\onthree\code\curl\builds\include\curl /IC:\cygwin\home\onthree\code\curl\include /IC:\cygwin\home\onthree\code\curl\builds\lib\..\include /IC:\cygwin\home\onthree\code\curl\lib\.. /IC:\cygwin\home\onthree\code\curl\lib\..\include /IC:\cygwin\home\onthree\code\curl\builds\lib\.. /IC:\cygwin\home\onthree\code\curl\lib /IC:\cygwin\home\onthree\code\curl\builds\lib /Zi /nologo /W3 /WX- /Od /Ob0 /Oy- /D WIN32 /D _WINDOWS /D _DEBUG /D BUILDING_LIBCURL /D HAVE_CONFIG_H /D _WIN32_WINNT=0x0501 /D _CRT_SECURE_NO_DEPRECATE /D _CRT_NONSTDC_NO_DEPRECATE /D _USRDLL /D "CMAKE_INTDIR=\"Debug\"" /D libcurl_EXPORTS /D _WINDLL /D _MBCS /Gm- /RTC1 /MDd /GS /fp:precise /Zc:wchar_t /Zc:forScope /Fo"libcurl.dir\Debug\\" /Fd"libcurl.dir\Debug\vc100.pdb" /Gd /TC /analyze- /errorReport:prompt ..\..\lib\file.c ..\..\lib\timeval.c ..\..\lib\base64.c ..\..\lib\hostip.c ..\..\lib\progress.c ..\..\lib\formdata.c ..\..\lib\cookie.c ..\..\lib\http.c ..\..\lib\sendf.c ..\..\lib\ftp.c ..\..\lib\url.c ..\..\lib\dict.c ..\..\lib\if2ip.c ..\..\lib\speedcheck.c ..\..\lib\ldap.c ..\..\lib\version.c ..\..\lib\getenv.c ..\..\lib\escape.c ..\..\lib\mprintf.c ..\..\lib\telnet.c ..\..\lib\netrc.c ..\..\lib\getinfo.c ..\..\lib\transfer.c ..\..\lib\strequal.c ..\..\lib\easy.c ..\..\lib\security.c ..\..\lib\curl_fnmatch.c ..\..\lib\fileinfo.c ..\..\lib\ftplistparser.c ..\..\lib\wildcard.c ..\..\lib\krb5.c ..\..\lib\memdebug.c ..\..\lib\http_chunks.c ..\..\lib\strtok.c ..\..\lib\connect.c ..\..\lib\llist.c ..\..\lib\hash.c ..\..\lib\multi.c ..\..\lib\content_encoding.c ..\..\lib\share.c ..\..\lib\http_digest.c ..\..\lib\md4.c ..\..\lib\md5.c ..\..\lib\http_negotiate.c ..\..\lib\inet_pton.c ..\..\lib\strtoofft.c ..\..\lib\strerror.c ..\..\lib\amigaos.c ..\..\lib\hostasyn.c ..\..\lib\hostip4.c ..\..\lib\hostip6.c ..\..\lib\hostsyn.c ..\..\lib\inet_ntop.c ..\..\lib\parsedate.c ..\..\lib\select.c ..\..\lib\tftp.c ..\..\lib\splay.c ..\..\lib\strdup.c ..\..\lib\socks.c ..\..\lib\ssh.c ..\..\lib\rawstr.c ..\..\lib\curl_addrinfo.c ..\..\lib\socks_gssapi.c ..\..\lib\socks_sspi.c ..\..\lib\curl_sspi.c ..\..\lib\slist.c ..\..\lib\nonblock.c ..\..\lib\curl_memrchr.c ..\..\lib\imap.c ..\..\lib\pop3.c ..\..\lib\smtp.c ..\..\lib\pingpong.c ..\..\lib\rtsp.c ..\..\lib\curl_threads.c ..\..\lib\warnless.c ..\..\lib\hmac.c ..\..\lib\curl_rtmp.c ..\..\lib\openldap.c ..\..\lib\curl_gethostname.c ..\..\lib\gopher.c ..\..\lib\idn_win32.c ..\..\lib\http_negotiate_sspi.c ..\..\lib\http_proxy.c "..\..\lib\non-ascii.c" "..\..\lib\asyn-ares.c" "..\..\lib\asyn-thread.c" ..\..\lib\curl_gssapi.c ..\..\lib\curl_ntlm.c ..\..\lib\curl_ntlm_wb.c ..\..\lib\curl_ntlm_core.c ..\..\lib\curl_ntlm_msgs.c ..\..\lib\curl_sasl.c ..\..\lib\curl_multibyte.c ..\..\lib\hostcheck.c ..\..\lib\bundles.c ..\..\lib\conncache.c ..\..\lib\pipeline.c ..\..\lib\dotdot.c ..\..\lib\x509asn1.c ..\..\lib\http2.c ..\..\lib\curl_sasl_sspi.c ..\..\lib\vtls\openssl.c ..\..\lib\vtls\gtls.c ..\..\lib\vtls\vtls.c ..\..\lib\vtls\nss.c ..\..\lib\vtls\polarssl.c ..\..\lib\vtls\polarssl_threadlock.c ..\..\lib\vtls\axtls.c ..\..\lib\vtls\cyassl.c ..\..\lib\vtls\curl_schannel.c ..\..\lib\vtls\curl_darwinssl.c ..\..\lib\vtls\gskit.c
         file.c
     1>..\..\lib\file.c(551): warning C4244: 'function' : conversion from 'curl_off_t' to 'long', possible loss of data
         timeval.c
         base64.c
         hostip.c
         progress.c
         formdata.c
         cookie.c
         http.c
         sendf.c
         ftp.c
         url.c
         dict.c
         if2ip.c
         speedcheck.c
         ldap.c
         version.c
         getenv.c
         escape.c
         mprintf.c
         telnet.c
         Generating Code...
         Compiling...
         netrc.c
         getinfo.c
         transfer.c
         strequal.c
         easy.c
         security.c
         curl_fnmatch.c
         fileinfo.c
         ftplistparser.c
         wildcard.c
         krb5.c
         memdebug.c
         http_chunks.c
         strtok.c
         connect.c
         llist.c
         hash.c
         multi.c
         content_encoding.c
         share.c
         Generating Code...
         Compiling...
         http_digest.c
         md4.c
         md5.c
         http_negotiate.c
         inet_pton.c
         strtoofft.c
         strerror.c
         amigaos.c
         hostasyn.c
         hostip4.c
         hostip6.c
         hostsyn.c
         inet_ntop.c
         parsedate.c
         select.c
         tftp.c
         splay.c
         strdup.c
         socks.c
         ssh.c
         Generating Code...
         Compiling...
         rawstr.c
         curl_addrinfo.c
         socks_gssapi.c
         socks_sspi.c
         curl_sspi.c
         slist.c
         nonblock.c
         curl_memrchr.c
         imap.c
         pop3.c
         smtp.c
         pingpong.c
         rtsp.c
         curl_threads.c
         warnless.c
         hmac.c
         curl_rtmp.c
         openldap.c
         curl_gethostname.c
         gopher.c
         Generating Code...
         Compiling...
         idn_win32.c
         http_negotiate_sspi.c
         http_proxy.c
         non-ascii.c
         asyn-ares.c
         asyn-thread.c
         curl_gssapi.c
         curl_ntlm.c
         curl_ntlm_wb.c
         curl_ntlm_core.c
         curl_ntlm_msgs.c
         curl_sasl.c
         curl_multibyte.c
         hostcheck.c
         bundles.c
         conncache.c
         pipeline.c
         dotdot.c
         x509asn1.c
         http2.c
         Generating Code...
         Compiling...
         curl_sasl_sspi.c
         openssl.c
         gtls.c
         vtls.c
         nss.c
         polarssl.c
         polarssl_threadlock.c
         axtls.c
         cyassl.c
         curl_schannel.c
         curl_darwinssl.c
         gskit.c
         Generating Code...
       ResourceCompile:
         C:\Program Files (x86)\Microsoft SDKs\Windows\v7.0A\bin\rc.exe /D WIN32 /D _WINDOWS /D _DEBUG /D BUILDING_LIBCURL /D HAVE_CONFIG_H /D _WIN32_WINNT=0x0501 /D _CRT_SECURE_NO_DEPRECATE /D _CRT_NONSTDC_NO_DEPRECATE /D _USRDLL /D "CMAKE_INTDIR=\\\"Debug\\\"" /D libcurl_EXPORTS /l"0x0409" /IC:\cygwin\home\onthree\code\curl\builds\include\curl /IC:\cygwin\home\onthree\code\curl\include /IC:\cygwin\home\onthree\code\curl\builds\lib\..\include /IC:\cygwin\home\onthree\code\curl\lib\.. /IC:\cygwin\home\onthree\code\curl\lib\..\include /IC:\cygwin\home\onthree\code\curl\builds\lib\.. /IC:\cygwin\home\onthree\code\curl\lib /IC:\cygwin\home\onthree\code\curl\builds\lib /nologo /fo"libcurl.dir\Debug\libcurl.res" ..\..\lib\libcurl.rc 
       ManifestResourceCompile:
         C:\Program Files (x86)\Microsoft SDKs\Windows\v7.0A\bin\rc.exe /nologo /fo"libcurl.dir\Debug\libcurl.dll.embed.manifest.res" libcurl.dir\Debug\libcurl_manifest.rc 
       Link:
         C:\Program Files (x86)\Microsoft Visual Studio 10.0\VC\bin\link.exe /ERRORREPORT:PROMPT /OUT:"C:\cygwin\home\onthree\code\screen-capture-recorder-to-video-windows-free\curl\builds\lib\Debug\libcurl.dll" /INCREMENTAL /NOLOGO kernel32.lib user32.lib gdi32.lib winspool.lib shell32.lib ole32.lib oleaut32.lib uuid.lib comdlg32.lib advapi32.lib ws2_32.lib winmm.lib /MANIFEST /ManifestFile:"libcurl.dir\Debug\libcurl.dll.intermediate.manifest" /MANIFESTUAC:"level='asInvoker' uiAccess='false'" /DEBUG /PDB:"C:/cygwin/home/onthree/code/curl/builds/lib/Debug/libcurl.pdb" /SUBSYSTEM:CONSOLE /TLBID:1 /DYNAMICBASE /NXCOMPAT /IMPLIB:"C:/cygwin/home/onthree/code/curl/builds/lib/Debug/libcurl_imp.lib" /MACHINE:X86 /DLL libcurl.dir\Debug\libcurl.res
         libcurl.dir\Debug\libcurl.dll.embed.manifest.res
         libcurl.dir\Debug\file.obj
         libcurl.dir\Debug\timeval.obj
         libcurl.dir\Debug\base64.obj
         libcurl.dir\Debug\hostip.obj
         libcurl.dir\Debug\progress.obj
         libcurl.dir\Debug\formdata.obj
         libcurl.dir\Debug\cookie.obj
         libcurl.dir\Debug\http.obj
         libcurl.dir\Debug\sendf.obj
         libcurl.dir\Debug\ftp.obj
         libcurl.dir\Debug\url.obj
         libcurl.dir\Debug\dict.obj
         libcurl.dir\Debug\if2ip.obj
         libcurl.dir\Debug\speedcheck.obj
         libcurl.dir\Debug\ldap.obj
         libcurl.dir\Debug\version.obj
         libcurl.dir\Debug\getenv.obj
         libcurl.dir\Debug\escape.obj
         libcurl.dir\Debug\mprintf.obj
         libcurl.dir\Debug\telnet.obj
         libcurl.dir\Debug\netrc.obj
         libcurl.dir\Debug\getinfo.obj
         libcurl.dir\Debug\transfer.obj
         libcurl.dir\Debug\strequal.obj
         libcurl.dir\Debug\easy.obj
         libcurl.dir\Debug\security.obj
         libcurl.dir\Debug\curl_fnmatch.obj
         libcurl.dir\Debug\fileinfo.obj
         libcurl.dir\Debug\ftplistparser.obj
         libcurl.dir\Debug\wildcard.obj
         libcurl.dir\Debug\krb5.obj
         libcurl.dir\Debug\memdebug.obj
         libcurl.dir\Debug\http_chunks.obj
         libcurl.dir\Debug\strtok.obj
         libcurl.dir\Debug\connect.obj
         libcurl.dir\Debug\llist.obj
         libcurl.dir\Debug\hash.obj
         libcurl.dir\Debug\multi.obj
         libcurl.dir\Debug\content_encoding.obj
         libcurl.dir\Debug\share.obj
         libcurl.dir\Debug\http_digest.obj
         libcurl.dir\Debug\md4.obj
         libcurl.dir\Debug\md5.obj
         libcurl.dir\Debug\http_negotiate.obj
         libcurl.dir\Debug\inet_pton.obj
         libcurl.dir\Debug\strtoofft.obj
         libcurl.dir\Debug\strerror.obj
         libcurl.dir\Debug\amigaos.obj
         libcurl.dir\Debug\hostasyn.obj
         libcurl.dir\Debug\hostip4.obj
         libcurl.dir\Debug\hostip6.obj
         libcurl.dir\Debug\hostsyn.obj
         libcurl.dir\Debug\inet_ntop.obj
         libcurl.dir\Debug\parsedate.obj
         libcurl.dir\Debug\select.obj
         libcurl.dir\Debug\tftp.obj
         libcurl.dir\Debug\splay.obj
         libcurl.dir\Debug\strdup.obj
         libcurl.dir\Debug\socks.obj
         libcurl.dir\Debug\ssh.obj
         libcurl.dir\Debug\rawstr.obj
         libcurl.dir\Debug\curl_addrinfo.obj
         libcurl.dir\Debug\socks_gssapi.obj
         libcurl.dir\Debug\socks_sspi.obj
         libcurl.dir\Debug\curl_sspi.obj
         libcurl.dir\Debug\slist.obj
         libcurl.dir\Debug\nonblock.obj
         libcurl.dir\Debug\curl_memrchr.obj
         libcurl.dir\Debug\imap.obj
         libcurl.dir\Debug\pop3.obj
         libcurl.dir\Debug\smtp.obj
         libcurl.dir\Debug\pingpong.obj
         libcurl.dir\Debug\rtsp.obj
         libcurl.dir\Debug\curl_threads.obj
         libcurl.dir\Debug\warnless.obj
         libcurl.dir\Debug\hmac.obj
         libcurl.dir\Debug\curl_rtmp.obj
         libcurl.dir\Debug\openldap.obj
         libcurl.dir\Debug\curl_gethostname.obj
         libcurl.dir\Debug\gopher.obj
         libcurl.dir\Debug\idn_win32.obj
         libcurl.dir\Debug\http_negotiate_sspi.obj
         libcurl.dir\Debug\http_proxy.obj
         "libcurl.dir\Debug\non-ascii.obj"
         "libcurl.dir\Debug\asyn-ares.obj"
         "libcurl.dir\Debug\asyn-thread.obj"
         libcurl.dir\Debug\curl_gssapi.obj
         libcurl.dir\Debug\curl_ntlm.obj
         libcurl.dir\Debug\curl_ntlm_wb.obj
         libcurl.dir\Debug\curl_ntlm_core.obj
         libcurl.dir\Debug\curl_ntlm_msgs.obj
         libcurl.dir\Debug\curl_sasl.obj
         libcurl.dir\Debug\curl_multibyte.obj
         libcurl.dir\Debug\hostcheck.obj
         libcurl.dir\Debug\bundles.obj
         libcurl.dir\Debug\conncache.obj
         libcurl.dir\Debug\pipeline.obj
         libcurl.dir\Debug\dotdot.obj
         libcurl.dir\Debug\x509asn1.obj
         libcurl.dir\Debug\http2.obj
         libcurl.dir\Debug\curl_sasl_sspi.obj
         libcurl.dir\Debug\openssl.obj
         libcurl.dir\Debug\gtls.obj
         libcurl.dir\Debug\vtls.obj
         libcurl.dir\Debug\nss.obj
         libcurl.dir\Debug\polarssl.obj
         libcurl.dir\Debug\polarssl_threadlock.obj
         libcurl.dir\Debug\axtls.obj
         libcurl.dir\Debug\cyassl.obj
         libcurl.dir\Debug\curl_schannel.obj
         libcurl.dir\Debug\curl_darwinssl.obj
         libcurl.dir\Debug\gskit.obj  /machine:X86 /debug 
            Creating library C:/cygwin/home/onthree/code/curl/builds/lib/Debug/libcurl_imp.lib and object C:/cygwin/home/onthree/code/curl/builds/lib/Debug/libcurl_imp.exp
       Manifest:
         Deleting file "libcurl.dir\Debug\libcurl.dll.embed.manifest".
         C:\Program Files (x86)\Microsoft SDKs\Windows\v7.0A\bin\mt.exe /nologo /verbose /out:"libcurl.dir\Debug\libcurl.dll.embed.manifest" /manifest libcurl.dir\Debug\libcurl.dll.intermediate.manifest
         C:\Program Files (x86)\Microsoft SDKs\Windows\v7.0A\bin\rc.exe /nologo /fo"libcurl.dir\Debug\libcurl.dll.embed.manifest.res" libcurl.dir\Debug\libcurl_manifest.rc 
       LinkEmbedManifest:
         C:\Program Files (x86)\Microsoft Visual Studio 10.0\VC\bin\link.exe /ERRORREPORT:PROMPT /OUT:"C:\cygwin\home\onthree\code\screen-capture-recorder-to-video-windows-free\curl\builds\lib\Debug\libcurl.dll" /INCREMENTAL /NOLOGO kernel32.lib user32.lib gdi32.lib winspool.lib shell32.lib ole32.lib oleaut32.lib uuid.lib comdlg32.lib advapi32.lib ws2_32.lib winmm.lib /MANIFEST /ManifestFile:"libcurl.dir\Debug\libcurl.dll.intermediate.manifest" /MANIFESTUAC:"level='asInvoker' uiAccess='false'" /DEBUG /PDB:"C:/cygwin/home/onthree/code/curl/builds/lib/Debug/libcurl.pdb" /SUBSYSTEM:CONSOLE /TLBID:1 /DYNAMICBASE /NXCOMPAT /IMPLIB:"C:/cygwin/home/onthree/code/curl/builds/lib/Debug/libcurl_imp.lib" /MACHINE:X86 /DLL libcurl.dir\Debug\libcurl.res
         libcurl.dir\Debug\libcurl.dll.embed.manifest.res
         libcurl.dir\Debug\file.obj
         libcurl.dir\Debug\timeval.obj
         libcurl.dir\Debug\base64.obj
         libcurl.dir\Debug\hostip.obj
         libcurl.dir\Debug\progress.obj
         libcurl.dir\Debug\formdata.obj
         libcurl.dir\Debug\cookie.obj
         libcurl.dir\Debug\http.obj
         libcurl.dir\Debug\sendf.obj
         libcurl.dir\Debug\ftp.obj
         libcurl.dir\Debug\url.obj
         libcurl.dir\Debug\dict.obj
         libcurl.dir\Debug\if2ip.obj
         libcurl.dir\Debug\speedcheck.obj
         libcurl.dir\Debug\ldap.obj
         libcurl.dir\Debug\version.obj
         libcurl.dir\Debug\getenv.obj
         libcurl.dir\Debug\escape.obj
         libcurl.dir\Debug\mprintf.obj
         libcurl.dir\Debug\telnet.obj
         libcurl.dir\Debug\netrc.obj
         libcurl.dir\Debug\getinfo.obj
         libcurl.dir\Debug\transfer.obj
         libcurl.dir\Debug\strequal.obj
         libcurl.dir\Debug\easy.obj
         libcurl.dir\Debug\security.obj
         libcurl.dir\Debug\curl_fnmatch.obj
         libcurl.dir\Debug\fileinfo.obj
         libcurl.dir\Debug\ftplistparser.obj
         libcurl.dir\Debug\wildcard.obj
         libcurl.dir\Debug\krb5.obj
         libcurl.dir\Debug\memdebug.obj
         libcurl.dir\Debug\http_chunks.obj
         libcurl.dir\Debug\strtok.obj
         libcurl.dir\Debug\connect.obj
         libcurl.dir\Debug\llist.obj
         libcurl.dir\Debug\hash.obj
         libcurl.dir\Debug\multi.obj
         libcurl.dir\Debug\content_encoding.obj
         libcurl.dir\Debug\share.obj
         libcurl.dir\Debug\http_digest.obj
         libcurl.dir\Debug\md4.obj
         libcurl.dir\Debug\md5.obj
         libcurl.dir\Debug\http_negotiate.obj
         libcurl.dir\Debug\inet_pton.obj
         libcurl.dir\Debug\strtoofft.obj
         libcurl.dir\Debug\strerror.obj
         libcurl.dir\Debug\amigaos.obj
         libcurl.dir\Debug\hostasyn.obj
         libcurl.dir\Debug\hostip4.obj
         libcurl.dir\Debug\hostip6.obj
         libcurl.dir\Debug\hostsyn.obj
         libcurl.dir\Debug\inet_ntop.obj
         libcurl.dir\Debug\parsedate.obj
         libcurl.dir\Debug\select.obj
         libcurl.dir\Debug\tftp.obj
         libcurl.dir\Debug\splay.obj
         libcurl.dir\Debug\strdup.obj
         libcurl.dir\Debug\socks.obj
         libcurl.dir\Debug\ssh.obj
         libcurl.dir\Debug\rawstr.obj
         libcurl.dir\Debug\curl_addrinfo.obj
         libcurl.dir\Debug\socks_gssapi.obj
         libcurl.dir\Debug\socks_sspi.obj
         libcurl.dir\Debug\curl_sspi.obj
         libcurl.dir\Debug\slist.obj
         libcurl.dir\Debug\nonblock.obj
         libcurl.dir\Debug\curl_memrchr.obj
         libcurl.dir\Debug\imap.obj
         libcurl.dir\Debug\pop3.obj
         libcurl.dir\Debug\smtp.obj
         libcurl.dir\Debug\pingpong.obj
         libcurl.dir\Debug\rtsp.obj
         libcurl.dir\Debug\curl_threads.obj
         libcurl.dir\Debug\warnless.obj
         libcurl.dir\Debug\hmac.obj
         libcurl.dir\Debug\curl_rtmp.obj
         libcurl.dir\Debug\openldap.obj
         libcurl.dir\Debug\curl_gethostname.obj
         libcurl.dir\Debug\gopher.obj
         libcurl.dir\Debug\idn_win32.obj
         libcurl.dir\Debug\http_negotiate_sspi.obj
         libcurl.dir\Debug\http_proxy.obj
         "libcurl.dir\Debug\non-ascii.obj"
         "libcurl.dir\Debug\asyn-ares.obj"
         "libcurl.dir\Debug\asyn-thread.obj"
         libcurl.dir\Debug\curl_gssapi.obj
         libcurl.dir\Debug\curl_ntlm.obj
         libcurl.dir\Debug\curl_ntlm_wb.obj
         libcurl.dir\Debug\curl_ntlm_core.obj
         libcurl.dir\Debug\curl_ntlm_msgs.obj
         libcurl.dir\Debug\curl_sasl.obj
         libcurl.dir\Debug\curl_multibyte.obj
         libcurl.dir\Debug\hostcheck.obj
         libcurl.dir\Debug\bundles.obj
         libcurl.dir\Debug\conncache.obj
         libcurl.dir\Debug\pipeline.obj
         libcurl.dir\Debug\dotdot.obj
         libcurl.dir\Debug\x509asn1.obj
         libcurl.dir\Debug\http2.obj
         libcurl.dir\Debug\curl_sasl_sspi.obj
         libcurl.dir\Debug\openssl.obj
         libcurl.dir\Debug\gtls.obj
         libcurl.dir\Debug\vtls.obj
         libcurl.dir\Debug\nss.obj
         libcurl.dir\Debug\polarssl.obj
         libcurl.dir\Debug\polarssl_threadlock.obj
         libcurl.dir\Debug\axtls.obj
         libcurl.dir\Debug\cyassl.obj
         libcurl.dir\Debug\curl_schannel.obj
         libcurl.dir\Debug\curl_darwinssl.obj
         libcurl.dir\Debug\gskit.obj  /machine:X86 /debug 
         libcurl.vcxproj -> C:\cygwin\home\onthree\code\screen-capture-recorder-to-video-windows-free\curl\builds\lib\Debug\libcurl.dll
       FinalizeBuildStatus:
         Deleting file "libcurl.dir\Debug\libcurl.unsuccessfulbuild".
         Touching "libcurl.dir\Debug\libcurl.lastbuildstate".
     1>Done Building Project "C:\cygwin\home\onthree\code\screen-capture-recorder-to-video-windows-free\curl\builds\lib\libcurl.vcxproj" (rebuild target(s)).

Build succeeded.

Time Elapsed 00:00:13.41
